# JRE version: OpenJDK Runtime Environment Microsoft-8035246 (17.0.8+7) (build 17.0.8+7-LTS)
# Java VM: OpenJDK 64-Bit Server VM Microsoft-8035246 (17.0.8+7-LTS, mixed mode, sharing, tiered, compressed oops, compressed class ptrs, g1 gc, windows-amd64)
GC Precious Log:
 CPUs: 12 total, 12 available
 Memory: 16176M
 Large Page Support: Disabled
 NUMA Support: Disabled
 Compressed Oops: Enabled (32-bit)
 Heap Region Size: 1M
 Heap Min Capacity: 8M
 Heap Initial Capacity: 254M
 Heap Max Capacity: 2G
 Pre-touch: Disabled
 Parallel Workers: 10
 Concurrent Workers: 3
 Concurrent Refinement Workers: 10
 Periodic GC: Disabled
Heap:
 garbage-first heap   total 248832K, used 216594K [0x0000000080000000, 0x0000000100000000)
  region size 1024K, 44 young (45056K), 3 survivors (3072K)
 Metaspace       used 102648K, committed 103680K, reserved 557056K
  class space    used 14257K, committed 14720K, reserved 425984K
GC Heap History (20 events):
Event: 14.417 GC heap before
{Heap before GC invocations=56 (full 0):
 garbage-first heap   total 206848K, used 166360K [0x0000000080000000, 0x0000000100000000)
  region size 1024K, 44 young (45056K), 8 survivors (8192K)
 Metaspace       used 92301K, committed 93184K, reserved 557056K
  class space    used 12871K, committed 13312K, reserved 425984K
}
Event: 14.422 GC heap after
{Heap after GC invocations=57 (full 0):
 garbage-first heap   total 206848K, used 138189K [0x0000000080000000, 0x0000000100000000)
  region size 1024K, 6 young (6144K), 6 survivors (6144K)
 Metaspace       used 92301K, committed 93184K, reserved 557056K
  class space    used 12871K, committed 13312K, reserved 425984K
}
Event: 14.585 GC heap before
{Heap before GC invocations=57 (full 0):
 garbage-first heap   total 206848K, used 167885K [0x0000000080000000, 0x0000000100000000)
  region size 1024K, 35 young (35840K), 6 survivors (6144K)
 Metaspace       used 94572K, committed 95424K, reserved 557056K
  class space    used 13228K, committed 13632K, reserved 425984K
}
Event: 14.587 GC heap after
{Heap after GC invocations=58 (full 0):
 garbage-first heap   total 206848K, used 140052K [0x0000000080000000, 0x0000000100000000)
  region size 1024K, 2 young (2048K), 2 survivors (2048K)
 Metaspace       used 94572K, committed 95424K, reserved 557056K
  class space    used 13228K, committed 13632K, reserved 425984K
}
Event: 14.800 GC heap before
{Heap before GC invocations=58 (full 0):
 garbage-first heap   total 206848K, used 169748K [0x0000000080000000, 0x0000000100000000)
  region size 1024K, 31 young (31744K), 2 survivors (2048K)
 Metaspace       used 96798K, committed 97664K, reserved 557056K
  class space    used 13533K, committed 13952K, reserved 425984K
}
Event: 14.802 GC heap after
{Heap after GC invocations=59 (full 0):
 garbage-first heap   total 206848K, used 141855K [0x0000000080000000, 0x0000000100000000)
  region size 1024K, 4 young (4096K), 4 survivors (4096K)
 Metaspace       used 96798K, committed 97664K, reserved 557056K
  class space    used 13533K, committed 13952K, reserved 425984K
}
Event: 14.986 GC heap before
{Heap before GC invocations=59 (full 0):
 garbage-first heap   total 206848K, used 171551K [0x0000000080000000, 0x0000000100000000)
  region size 1024K, 33 young (33792K), 4 survivors (4096K)
 Metaspace       used 97770K, committed 98688K, reserved 557056K
  class space    used 13659K, committed 14080K, reserved 425984K
}
Event: 14.989 GC heap after
{Heap after GC invocations=60 (full 0):
 garbage-first heap   total 206848K, used 145368K [0x0000000080000000, 0x0000000100000000)
  region size 1024K, 5 young (5120K), 5 survivors (5120K)
 Metaspace       used 97770K, committed 98688K, reserved 557056K
  class space    used 13659K, committed 14080K, reserved 425984K
}
Event: 15.138 GC heap before
{Heap before GC invocations=60 (full 0):
 garbage-first heap   total 206848K, used 173016K [0x0000000080000000, 0x0000000100000000)
  region size 1024K, 32 young (32768K), 5 survivors (5120K)
 Metaspace       used 98444K, committed 99328K, reserved 557056K
  class space    used 13737K, committed 14144K, reserved 425984K
}
Event: 15.142 GC heap after
{Heap after GC invocations=61 (full 0):
 garbage-first heap   total 206848K, used 149170K [0x0000000080000000, 0x0000000100000000)
  region size 1024K, 4 young (4096K), 4 survivors (4096K)
 Metaspace       used 98444K, committed 99328K, reserved 557056K
  class space    used 13737K, committed 14144K, reserved 425984K
}
Event: 15.298 GC heap before
{Heap before GC invocations=61 (full 0):
 garbage-first heap   total 206848K, used 173746K [0x0000000080000000, 0x0000000100000000)
  region size 1024K, 28 young (28672K), 4 survivors (4096K)
 Metaspace       used 98582K, committed 99456K, reserved 557056K
  class space    used 13739K, committed 14144K, reserved 425984K
}
Event: 15.301 GC heap after
{Heap after GC invocations=62 (full 0):
 garbage-first heap   total 248832K, used 151259K [0x0000000080000000, 0x0000000100000000)
  region size 1024K, 3 young (3072K), 3 survivors (3072K)
 Metaspace       used 98582K, committed 99456K, reserved 557056K
  class space    used 13739K, committed 14144K, reserved 425984K
}
Event: 15.612 GC heap before
{Heap before GC invocations=62 (full 0):
 garbage-first heap   total 248832K, used 206555K [0x0000000080000000, 0x0000000100000000)
  region size 1024K, 53 young (54272K), 3 survivors (3072K)
 Metaspace       used 100904K, committed 101888K, reserved 557056K
  class space    used 13943K, committed 14400K, reserved 425984K
}
Event: 15.616 GC heap after
{Heap after GC invocations=63 (full 0):
 garbage-first heap   total 248832K, used 157522K [0x0000000080000000, 0x0000000100000000)
  region size 1024K, 7 young (7168K), 7 survivors (7168K)
 Metaspace       used 100904K, committed 101888K, reserved 557056K
  class space    used 13943K, committed 14400K, reserved 425984K
}
Event: 15.770 GC heap before
{Heap before GC invocations=63 (full 0):
 garbage-first heap   total 248832K, used 203602K [0x0000000080000000, 0x0000000100000000)
  region size 1024K, 53 young (54272K), 7 survivors (7168K)
 Metaspace       used 101837K, committed 102784K, reserved 557056K
  class space    used 14153K, committed 14592K, reserved 425984K
}
Event: 15.774 GC heap after
{Heap after GC invocations=64 (full 0):
 garbage-first heap   total 248832K, used 160154K [0x0000000080000000, 0x0000000100000000)
  region size 1024K, 3 young (3072K), 3 survivors (3072K)
 Metaspace       used 101837K, committed 102784K, reserved 557056K
  class space    used 14153K, committed 14592K, reserved 425984K
}
Event: 15.910 GC heap before
{Heap before GC invocations=64 (full 0):
 garbage-first heap   total 248832K, used 206234K [0x0000000080000000, 0x0000000100000000)
  region size 1024K, 49 young (50176K), 3 survivors (3072K)
 Metaspace       used 102494K, committed 103488K, reserved 557056K
  class space    used 14252K, committed 14720K, reserved 425984K
}
Event: 15.913 GC heap after
{Heap after GC invocations=65 (full 0):
 garbage-first heap   total 248832K, used 164864K [0x0000000080000000, 0x0000000100000000)
  region size 1024K, 7 young (7168K), 7 survivors (7168K)
 Metaspace       used 102494K, committed 103488K, reserved 557056K
  class space    used 14252K, committed 14720K, reserved 425984K
}
Event: 16.035 GC heap before
{Heap before GC invocations=65 (full 0):
 garbage-first heap   total 248832K, used 207872K [0x0000000080000000, 0x0000000100000000)
  region size 1024K, 50 young (51200K), 7 survivors (7168K)
 Metaspace       used 102537K, committed 103552K, reserved 557056K
  class space    used 14252K, committed 14720K, reserved 425984K
}
Event: 16.038 GC heap after
{Heap after GC invocations=66 (full 0):
 garbage-first heap   total 248832K, used 167442K [0x0000000080000000, 0x0000000100000000)
  region size 1024K, 3 young (3072K), 3 survivors (3072K)
 Metaspace       used 102537K, committed 103552K, reserved 557056K
  class space    used 14252K, committed 14720K, reserved 425984K
}

